<?xml version="1.0" encoding="UTF-8"?>
<!-- Generated by org.testng.reporters.JUnitXMLReporter -->
<testsuite ignored="0" hostname="DESKTOP-0UE9EKQ" failures="0" tests="21" name="Default test" time="41.922" errors="0" timestamp="2025-05-15T10:35:46 IST">
  <testcase classname="testBase.LoginPageTest" name="loginTest" time="0.992"/>
  <testcase classname="testBase.LoginPageTest" name="loginTest" time="1.747"/>
  <testcase classname="testBase.LoginPageTest" name="loginTest" time="1.594"/>
  <testcase classname="testBase.LoginPageTest" name="loginTest" time="1.552"/>
  <testcase classname="testBase.LoginPageTest" name="loginTest" time="1.232"/>
  <testcase classname="testBase.LoginPageTest" name="loginTest" time="1.487"/>
  <testcase classname="testBase.LoginPageTest" name="loginTest" time="1.14"/>
  <testcase classname="testBase.LoginPageTest" name="loginTest" time="1.694"/>
  <testcase classname="testBase.LoginPageTest" name="loginTest" time="2.703"/>
  <testcase classname="testBase.LoginPageTest" name="loginTest" time="1.078"/>
  <testcase classname="testBase.LoginPageTest" name="loginTest" time="1.303"/>
  <testcase classname="testBase.LoginPageTest" name="loginTest" time="1.32"/>
  <testcase classname="testBase.LoginPageTest" name="loginTest" time="0.964"/>
  <testcase classname="testBase.LoginPageTest" name="loginTest" time="1.655"/>
  <testcase classname="testBase.LoginPageTest" name="loginTest" time="1.248"/>
  <testcase classname="testBase.LoginPageTest" name="loginTest" time="1.553"/>
  <testcase classname="testBase.LoginPageTest" name="loginTest" time="1.165"/>
  <testcase classname="testBase.LoginPageTest" name="loginTest" time="1.287"/>
  <testcase classname="testBase.LoginPageTest" name="loginTest" time="3.332"/>
  <testcase classname="testBase.LoginPageTest" name="loginTest" time="1.159"/>
  <testcase classname="testBase.LoginPageTest" name="loginTest" time="0.938"/>
</testsuite> <!-- Default test -->
