<?xml version="1.0" encoding="UTF-8"?>
<testng-results ignored="0" total="21" passed="21" failed="0" skipped="0">
  <reporter-output>
  </reporter-output>
  <suite started-at="2025-05-15T10:35:04 IST" name="Default suite" finished-at="2025-05-15T10:35:46 IST" duration-ms="41922">
    <groups>
    </groups>
    <test started-at="2025-05-15T10:35:04 IST" name="Default test" finished-at="2025-05-15T10:35:46 IST" duration-ms="41922">
      <class name="testBase.LoginPageTest">
        <test-method is-config="true" signature="setup()[pri:0, instance:testBase.LoginPageTest@1de5f259]" started-at="2025-05-15T10:35:04 IST" name="setup" finished-at="2025-05-15T10:35:12 IST" duration-ms="7093" status="PASS">
          <reporter-output>
          </reporter-output>
        </test-method> <!-- setup -->
        <test-method is-config="true" signature="initialize()[pri:0, instance:testBase.LoginPageTest@1de5f259]" started-at="2025-05-15T10:35:14 IST" name="initialize" finished-at="2025-05-15T10:35:14 IST" duration-ms="4" status="PASS">
          <reporter-output>
          </reporter-output>
        </test-method> <!-- initialize -->
        <test-method signature="loginTest(java.lang.String,java.lang.String,java.lang.String)[pri:0, instance:testBase.LoginPageTest@1de5f259]" started-at="2025-05-15T10:35:14 IST" name="loginTest" data-provider="loginData" finished-at="2025-05-15T10:35:15 IST" duration-ms="992" status="PASS">
          <params>
            <param index="0">
              <value>
                <![CDATA[Username]]>
              </value>
            </param>
            <param index="1">
              <value>
                <![CDATA[Password]]>
              </value>
            </param>
            <param index="2">
              <value>
                <![CDATA[ExpectedResult]]>
              </value>
            </param>
          </params>
          <reporter-output>
          </reporter-output>
        </test-method> <!-- loginTest -->
        <test-method is-config="true" signature="initialize()[pri:0, instance:testBase.LoginPageTest@1de5f259]" started-at="2025-05-15T10:35:15 IST" name="initialize" finished-at="2025-05-15T10:35:15 IST" duration-ms="17" status="PASS">
          <reporter-output>
          </reporter-output>
        </test-method> <!-- initialize -->
        <test-method signature="loginTest(java.lang.String,java.lang.String,java.lang.String)[pri:0, instance:testBase.LoginPageTest@1de5f259]" started-at="2025-05-15T10:35:15 IST" name="loginTest" data-provider="loginData" finished-at="2025-05-15T10:35:17 IST" duration-ms="1747" status="PASS">
          <params>
            <param index="0">
              <value>
                <![CDATA[user1@example.com]]>
              </value>
            </param>
            <param index="1">
              <value>
                <![CDATA[correct123]]>
              </value>
            </param>
            <param index="2">
              <value>
                <![CDATA[valid]]>
              </value>
            </param>
          </params>
          <reporter-output>
          </reporter-output>
        </test-method> <!-- loginTest -->
        <test-method is-config="true" signature="initialize()[pri:0, instance:testBase.LoginPageTest@1de5f259]" started-at="2025-05-15T10:35:17 IST" name="initialize" finished-at="2025-05-15T10:35:17 IST" duration-ms="5" status="PASS">
          <reporter-output>
          </reporter-output>
        </test-method> <!-- initialize -->
        <test-method signature="loginTest(java.lang.String,java.lang.String,java.lang.String)[pri:0, instance:testBase.LoginPageTest@1de5f259]" started-at="2025-05-15T10:35:17 IST" name="loginTest" data-provider="loginData" finished-at="2025-05-15T10:35:18 IST" duration-ms="1594" status="PASS">
          <params>
            <param index="0">
              <value>
                <![CDATA[user2@example.com]]>
              </value>
            </param>
            <param index="1">
              <value>
                <![CDATA[wrongpass]]>
              </value>
            </param>
            <param index="2">
              <value>
                <![CDATA[invalid]]>
              </value>
            </param>
          </params>
          <reporter-output>
          </reporter-output>
        </test-method> <!-- loginTest -->
        <test-method is-config="true" signature="initialize()[pri:0, instance:testBase.LoginPageTest@1de5f259]" started-at="2025-05-15T10:35:18 IST" name="initialize" finished-at="2025-05-15T10:35:18 IST" duration-ms="2" status="PASS">
          <reporter-output>
          </reporter-output>
        </test-method> <!-- initialize -->
        <test-method signature="loginTest(java.lang.String,java.lang.String,java.lang.String)[pri:0, instance:testBase.LoginPageTest@1de5f259]" started-at="2025-05-15T10:35:18 IST" name="loginTest" data-provider="loginData" finished-at="2025-05-15T10:35:20 IST" duration-ms="1552" status="PASS">
          <params>
            <param index="0">
              <value>
                <![CDATA[]]>
              </value>
            </param>
            <param index="1">
              <value>
                <![CDATA[correct123]]>
              </value>
            </param>
            <param index="2">
              <value>
                <![CDATA[invalid]]>
              </value>
            </param>
          </params>
          <reporter-output>
          </reporter-output>
        </test-method> <!-- loginTest -->
        <test-method is-config="true" signature="initialize()[pri:0, instance:testBase.LoginPageTest@1de5f259]" started-at="2025-05-15T10:35:20 IST" name="initialize" finished-at="2025-05-15T10:35:20 IST" duration-ms="8" status="PASS">
          <reporter-output>
          </reporter-output>
        </test-method> <!-- initialize -->
        <test-method signature="loginTest(java.lang.String,java.lang.String,java.lang.String)[pri:0, instance:testBase.LoginPageTest@1de5f259]" started-at="2025-05-15T10:35:20 IST" name="loginTest" data-provider="loginData" finished-at="2025-05-15T10:35:21 IST" duration-ms="1232" status="PASS">
          <params>
            <param index="0">
              <value>
                <![CDATA[admin@example.com]]>
              </value>
            </param>
            <param index="1">
              <value>
                <![CDATA[admin]]>
              </value>
            </param>
            <param index="2">
              <value>
                <![CDATA[valid]]>
              </value>
            </param>
          </params>
          <reporter-output>
          </reporter-output>
        </test-method> <!-- loginTest -->
        <test-method is-config="true" signature="initialize()[pri:0, instance:testBase.LoginPageTest@1de5f259]" started-at="2025-05-15T10:35:21 IST" name="initialize" finished-at="2025-05-15T10:35:21 IST" duration-ms="6" status="PASS">
          <reporter-output>
          </reporter-output>
        </test-method> <!-- initialize -->
        <test-method signature="loginTest(java.lang.String,java.lang.String,java.lang.String)[pri:0, instance:testBase.LoginPageTest@1de5f259]" started-at="2025-05-15T10:35:21 IST" name="loginTest" data-provider="loginData" finished-at="2025-05-15T10:35:23 IST" duration-ms="1487" status="PASS">
          <params>
            <param index="0">
              <value>
                <![CDATA[test@example.com]]>
              </value>
            </param>
            <param index="1">
              <value>
                <![CDATA[]]>
              </value>
            </param>
            <param index="2">
              <value>
                <![CDATA[invalid]]>
              </value>
            </param>
          </params>
          <reporter-output>
          </reporter-output>
        </test-method> <!-- loginTest -->
        <test-method is-config="true" signature="initialize()[pri:0, instance:testBase.LoginPageTest@1de5f259]" started-at="2025-05-15T10:35:23 IST" name="initialize" finished-at="2025-05-15T10:35:23 IST" duration-ms="5" status="PASS">
          <reporter-output>
          </reporter-output>
        </test-method> <!-- initialize -->
        <test-method signature="loginTest(java.lang.String,java.lang.String,java.lang.String)[pri:0, instance:testBase.LoginPageTest@1de5f259]" started-at="2025-05-15T10:35:23 IST" name="loginTest" data-provider="loginData" finished-at="2025-05-15T10:35:24 IST" duration-ms="1140" status="PASS">
          <params>
            <param index="0">
              <value>
                <![CDATA[wrongemail.com]]>
              </value>
            </param>
            <param index="1">
              <value>
                <![CDATA[test123]]>
              </value>
            </param>
            <param index="2">
              <value>
                <![CDATA[invalid]]>
              </value>
            </param>
          </params>
          <reporter-output>
          </reporter-output>
        </test-method> <!-- loginTest -->
        <test-method is-config="true" signature="initialize()[pri:0, instance:testBase.LoginPageTest@1de5f259]" started-at="2025-05-15T10:35:24 IST" name="initialize" finished-at="2025-05-15T10:35:24 IST" duration-ms="4" status="PASS">
          <reporter-output>
          </reporter-output>
        </test-method> <!-- initialize -->
        <test-method signature="loginTest(java.lang.String,java.lang.String,java.lang.String)[pri:0, instance:testBase.LoginPageTest@1de5f259]" started-at="2025-05-15T10:35:24 IST" name="loginTest" data-provider="loginData" finished-at="2025-05-15T10:35:26 IST" duration-ms="1694" status="PASS">
          <params>
            <param index="0">
              <value>
                <![CDATA[user3@example.com]]>
              </value>
            </param>
            <param index="1">
              <value>
                <![CDATA[123]]>
              </value>
            </param>
            <param index="2">
              <value>
                <![CDATA[invalid]]>
              </value>
            </param>
          </params>
          <reporter-output>
          </reporter-output>
        </test-method> <!-- loginTest -->
        <test-method is-config="true" signature="initialize()[pri:0, instance:testBase.LoginPageTest@1de5f259]" started-at="2025-05-15T10:35:26 IST" name="initialize" finished-at="2025-05-15T10:35:26 IST" duration-ms="12" status="PASS">
          <reporter-output>
          </reporter-output>
        </test-method> <!-- initialize -->
        <test-method signature="loginTest(java.lang.String,java.lang.String,java.lang.String)[pri:0, instance:testBase.LoginPageTest@1de5f259]" started-at="2025-05-15T10:35:26 IST" name="loginTest" data-provider="loginData" finished-at="2025-05-15T10:35:28 IST" duration-ms="2703" status="PASS">
          <params>
            <param index="0">
              <value>
                <![CDATA[user4@example.com]]>
              </value>
            </param>
            <param index="1">
              <value>
                <![CDATA[Correct123!]]>
              </value>
            </param>
            <param index="2">
              <value>
                <![CDATA[valid]]>
              </value>
            </param>
          </params>
          <reporter-output>
          </reporter-output>
        </test-method> <!-- loginTest -->
        <test-method is-config="true" signature="initialize()[pri:0, instance:testBase.LoginPageTest@1de5f259]" started-at="2025-05-15T10:35:28 IST" name="initialize" finished-at="2025-05-15T10:35:28 IST" duration-ms="6" status="PASS">
          <reporter-output>
          </reporter-output>
        </test-method> <!-- initialize -->
        <test-method signature="loginTest(java.lang.String,java.lang.String,java.lang.String)[pri:0, instance:testBase.LoginPageTest@1de5f259]" started-at="2025-05-15T10:35:28 IST" name="loginTest" data-provider="loginData" finished-at="2025-05-15T10:35:30 IST" duration-ms="1078" status="PASS">
          <params>
            <param index="0">
              <value>
                <![CDATA[user5@example.com]]>
              </value>
            </param>
            <param index="1">
              <value>
                <![CDATA[wrong@pass]]>
              </value>
            </param>
            <param index="2">
              <value>
                <![CDATA[invalid]]>
              </value>
            </param>
          </params>
          <reporter-output>
          </reporter-output>
        </test-method> <!-- loginTest -->
        <test-method is-config="true" signature="initialize()[pri:0, instance:testBase.LoginPageTest@1de5f259]" started-at="2025-05-15T10:35:30 IST" name="initialize" finished-at="2025-05-15T10:35:30 IST" duration-ms="11" status="PASS">
          <reporter-output>
          </reporter-output>
        </test-method> <!-- initialize -->
        <test-method signature="loginTest(java.lang.String,java.lang.String,java.lang.String)[pri:0, instance:testBase.LoginPageTest@1de5f259]" started-at="2025-05-15T10:35:30 IST" name="loginTest" data-provider="loginData" finished-at="2025-05-15T10:35:31 IST" duration-ms="1303" status="PASS">
          <params>
            <param index="0">
              <value>
                <![CDATA[user6@example.com]]>
              </value>
            </param>
            <param index="1">
              <value>
                <![CDATA[pass with space]]>
              </value>
            </param>
            <param index="2">
              <value>
                <![CDATA[invalid]]>
              </value>
            </param>
          </params>
          <reporter-output>
          </reporter-output>
        </test-method> <!-- loginTest -->
        <test-method is-config="true" signature="initialize()[pri:0, instance:testBase.LoginPageTest@1de5f259]" started-at="2025-05-15T10:35:31 IST" name="initialize" finished-at="2025-05-15T10:35:31 IST" duration-ms="3" status="PASS">
          <reporter-output>
          </reporter-output>
        </test-method> <!-- initialize -->
        <test-method signature="loginTest(java.lang.String,java.lang.String,java.lang.String)[pri:0, instance:testBase.LoginPageTest@1de5f259]" started-at="2025-05-15T10:35:31 IST" name="loginTest" data-provider="loginData" finished-at="2025-05-15T10:35:32 IST" duration-ms="1320" status="PASS">
          <params>
            <param index="0">
              <value>
                <![CDATA[USER1@example.com]]>
              </value>
            </param>
            <param index="1">
              <value>
                <![CDATA[correct123]]>
              </value>
            </param>
            <param index="2">
              <value>
                <![CDATA[valid]]>
              </value>
            </param>
          </params>
          <reporter-output>
          </reporter-output>
        </test-method> <!-- loginTest -->
        <test-method is-config="true" signature="initialize()[pri:0, instance:testBase.LoginPageTest@1de5f259]" started-at="2025-05-15T10:35:32 IST" name="initialize" finished-at="2025-05-15T10:35:32 IST" duration-ms="12" status="PASS">
          <reporter-output>
          </reporter-output>
        </test-method> <!-- initialize -->
        <test-method signature="loginTest(java.lang.String,java.lang.String,java.lang.String)[pri:0, instance:testBase.LoginPageTest@1de5f259]" started-at="2025-05-15T10:35:32 IST" name="loginTest" data-provider="loginData" finished-at="2025-05-15T10:35:33 IST" duration-ms="964" status="PASS">
          <params>
            <param index="0">
              <value>
                <![CDATA[user7@example.com]]>
              </value>
            </param>
            <param index="1">
              <value>
                <![CDATA[Correct123]]>
              </value>
            </param>
            <param index="2">
              <value>
                <![CDATA[valid]]>
              </value>
            </param>
          </params>
          <reporter-output>
          </reporter-output>
        </test-method> <!-- loginTest -->
        <test-method is-config="true" signature="initialize()[pri:0, instance:testBase.LoginPageTest@1de5f259]" started-at="2025-05-15T10:35:33 IST" name="initialize" finished-at="2025-05-15T10:35:33 IST" duration-ms="1" status="PASS">
          <reporter-output>
          </reporter-output>
        </test-method> <!-- initialize -->
        <test-method signature="loginTest(java.lang.String,java.lang.String,java.lang.String)[pri:0, instance:testBase.LoginPageTest@1de5f259]" started-at="2025-05-15T10:35:33 IST" name="loginTest" data-provider="loginData" finished-at="2025-05-15T10:35:35 IST" duration-ms="1655" status="PASS">
          <params>
            <param index="0">
              <value>
                <![CDATA[user8@example.com]]>
              </value>
            </param>
            <param index="1">
              <value>
                <![CDATA[Correct123]]>
              </value>
            </param>
            <param index="2">
              <value>
                <![CDATA[valid]]>
              </value>
            </param>
          </params>
          <reporter-output>
          </reporter-output>
        </test-method> <!-- loginTest -->
        <test-method is-config="true" signature="initialize()[pri:0, instance:testBase.LoginPageTest@1de5f259]" started-at="2025-05-15T10:35:35 IST" name="initialize" finished-at="2025-05-15T10:35:35 IST" duration-ms="12" status="PASS">
          <reporter-output>
          </reporter-output>
        </test-method> <!-- initialize -->
        <test-method signature="loginTest(java.lang.String,java.lang.String,java.lang.String)[pri:0, instance:testBase.LoginPageTest@1de5f259]" started-at="2025-05-15T10:35:35 IST" name="loginTest" data-provider="loginData" finished-at="2025-05-15T10:35:36 IST" duration-ms="1248" status="PASS">
          <params>
            <param index="0">
              <value>
                <![CDATA[user8@example.com]]>
              </value>
            </param>
            <param index="1">
              <value>
                <![CDATA[wrongpass]]>
              </value>
            </param>
            <param index="2">
              <value>
                <![CDATA[invalid]]>
              </value>
            </param>
          </params>
          <reporter-output>
          </reporter-output>
        </test-method> <!-- loginTest -->
        <test-method is-config="true" signature="initialize()[pri:0, instance:testBase.LoginPageTest@1de5f259]" started-at="2025-05-15T10:35:36 IST" name="initialize" finished-at="2025-05-15T10:35:36 IST" duration-ms="3" status="PASS">
          <reporter-output>
          </reporter-output>
        </test-method> <!-- initialize -->
        <test-method signature="loginTest(java.lang.String,java.lang.String,java.lang.String)[pri:0, instance:testBase.LoginPageTest@1de5f259]" started-at="2025-05-15T10:35:36 IST" name="loginTest" data-provider="loginData" finished-at="2025-05-15T10:35:38 IST" duration-ms="1553" status="PASS">
          <params>
            <param index="0">
              <value>
                <![CDATA[user9@example.com]]>
              </value>
            </param>
            <param index="1">
              <value>
                <![CDATA[Correct123]]>
              </value>
            </param>
            <param index="2">
              <value>
                <![CDATA[valid]]>
              </value>
            </param>
          </params>
          <reporter-output>
          </reporter-output>
        </test-method> <!-- loginTest -->
        <test-method is-config="true" signature="initialize()[pri:0, instance:testBase.LoginPageTest@1de5f259]" started-at="2025-05-15T10:35:38 IST" name="initialize" finished-at="2025-05-15T10:35:38 IST" duration-ms="7" status="PASS">
          <reporter-output>
          </reporter-output>
        </test-method> <!-- initialize -->
        <test-method signature="loginTest(java.lang.String,java.lang.String,java.lang.String)[pri:0, instance:testBase.LoginPageTest@1de5f259]" started-at="2025-05-15T10:35:38 IST" name="loginTest" data-provider="loginData" finished-at="2025-05-15T10:35:39 IST" duration-ms="1165" status="PASS">
          <params>
            <param index="0">
              <value>
                <![CDATA[user9@example.com]]>
              </value>
            </param>
            <param index="1">
              <value>
                <![CDATA[CORRECT123]]>
              </value>
            </param>
            <param index="2">
              <value>
                <![CDATA[invalid]]>
              </value>
            </param>
          </params>
          <reporter-output>
          </reporter-output>
        </test-method> <!-- loginTest -->
        <test-method is-config="true" signature="initialize()[pri:0, instance:testBase.LoginPageTest@1de5f259]" started-at="2025-05-15T10:35:39 IST" name="initialize" finished-at="2025-05-15T10:35:39 IST" duration-ms="1" status="PASS">
          <reporter-output>
          </reporter-output>
        </test-method> <!-- initialize -->
        <test-method signature="loginTest(java.lang.String,java.lang.String,java.lang.String)[pri:0, instance:testBase.LoginPageTest@1de5f259]" started-at="2025-05-15T10:35:39 IST" name="loginTest" data-provider="loginData" finished-at="2025-05-15T10:35:40 IST" duration-ms="1287" status="PASS">
          <params>
            <param index="0">
              <value>
                <![CDATA[user10@example.com]]>
              </value>
            </param>
            <param index="1">
              <value>
                <![CDATA[CoRrecT123]]>
              </value>
            </param>
            <param index="2">
              <value>
                <![CDATA[valid]]>
              </value>
            </param>
          </params>
          <reporter-output>
          </reporter-output>
        </test-method> <!-- loginTest -->
        <test-method is-config="true" signature="initialize()[pri:0, instance:testBase.LoginPageTest@1de5f259]" started-at="2025-05-15T10:35:40 IST" name="initialize" finished-at="2025-05-15T10:35:40 IST" duration-ms="3" status="PASS">
          <reporter-output>
          </reporter-output>
        </test-method> <!-- initialize -->
        <test-method signature="loginTest(java.lang.String,java.lang.String,java.lang.String)[pri:0, instance:testBase.LoginPageTest@1de5f259]" started-at="2025-05-15T10:35:40 IST" name="loginTest" data-provider="loginData" finished-at="2025-05-15T10:35:44 IST" duration-ms="3332" status="PASS">
          <params>
            <param index="0">
              <value>
                <![CDATA[user11@example.com]]>
              </value>
            </param>
            <param index="1">
              <value>
                <![CDATA[correct123]]>
              </value>
            </param>
            <param index="2">
              <value>
                <![CDATA[invalid]]>
              </value>
            </param>
          </params>
          <reporter-output>
          </reporter-output>
        </test-method> <!-- loginTest -->
        <test-method is-config="true" signature="initialize()[pri:0, instance:testBase.LoginPageTest@1de5f259]" started-at="2025-05-15T10:35:44 IST" name="initialize" finished-at="2025-05-15T10:35:44 IST" duration-ms="12" status="PASS">
          <reporter-output>
          </reporter-output>
        </test-method> <!-- initialize -->
        <test-method signature="loginTest(java.lang.String,java.lang.String,java.lang.String)[pri:0, instance:testBase.LoginPageTest@1de5f259]" started-at="2025-05-15T10:35:44 IST" name="loginTest" data-provider="loginData" finished-at="2025-05-15T10:35:45 IST" duration-ms="1159" status="PASS">
          <params>
            <param index="0">
              <value>
                <![CDATA[verylongusername@example.com]]>
              </value>
            </param>
            <param index="1">
              <value>
                <![CDATA[verylongpassword1234567890]]>
              </value>
            </param>
            <param index="2">
              <value>
                <![CDATA[valid]]>
              </value>
            </param>
          </params>
          <reporter-output>
          </reporter-output>
        </test-method> <!-- loginTest -->
        <test-method is-config="true" signature="initialize()[pri:0, instance:testBase.LoginPageTest@1de5f259]" started-at="2025-05-15T10:35:45 IST" name="initialize" finished-at="2025-05-15T10:35:45 IST" duration-ms="4" status="PASS">
          <reporter-output>
          </reporter-output>
        </test-method> <!-- initialize -->
        <test-method signature="loginTest(java.lang.String,java.lang.String,java.lang.String)[pri:0, instance:testBase.LoginPageTest@1de5f259]" started-at="2025-05-15T10:35:45 IST" name="loginTest" data-provider="loginData" finished-at="2025-05-15T10:35:46 IST" duration-ms="938" status="PASS">
          <params>
            <param index="0">
              <value>
                <![CDATA[special!@#user@example.com]]>
              </value>
            </param>
            <param index="1">
              <value>
                <![CDATA[Special!@#123]]>
              </value>
            </param>
            <param index="2">
              <value>
                <![CDATA[valid]]>
              </value>
            </param>
          </params>
          <reporter-output>
          </reporter-output>
        </test-method> <!-- loginTest -->
        <test-method is-config="true" signature="teardown()[pri:0, instance:testBase.LoginPageTest@1de5f259]" started-at="2025-05-15T10:35:46 IST" name="teardown" finished-at="2025-05-15T10:35:46 IST" duration-ms="633" status="PASS">
          <reporter-output>
          </reporter-output>
        </test-method> <!-- teardown -->
      </class> <!-- testBase.LoginPageTest -->
    </test> <!-- Default test -->
  </suite> <!-- Default suite -->
</testng-results>
